<?xml version="1.0" encoding="UTF-8"?>
<!-- Generated by org.testng.reporters.JUnitReportReporter -->
<testsuite hostname="DESKTOP-D8ARRET" failures="0" tests="1" name="sampleRestApi.SampleGet" time="0.370" errors="0" timestamp="07 Apr 2022 05:45:07 GMT" skipped="0">
  <testcase classname="sampleRestApi.SampleGet" name="getMethodExample" time="0.370"/>
</testsuite> <!-- sampleRestApi.SampleGet -->
