<?xml version="1.0" encoding="UTF-8"?>
<!-- Generated by org.testng.reporters.JUnitReportReporter -->
<testsuite hostname="DESKTOP-D8ARRET" failures="0" tests="4" name="sampleTestCase.PracticePriority" time="0.083" errors="0" timestamp="30 Apr 2022 17:22:07 GMT" skipped="0">
  <testcase classname="sampleTestCase.PracticePriority" name="firstTestCase" time="0.032"/>
  <testcase classname="sampleTestCase.PracticePriority" name="secondTestCase" time="0.006"/>
  <testcase classname="sampleTestCase.PracticePriority" name="thirdTestCase" time="0.040"/>
  <testcase classname="sampleTestCase.PracticePriority" name="fourthTestCase" time="0.005"/>
</testsuite> <!-- sampleTestCase.PracticePriority -->
