<?xml version="1.0" encoding="UTF-8"?>
<!-- Generated by org.testng.reporters.JUnitReportReporter -->
<testsuite hostname="DESKTOP-D8ARRET" failures="0" tests="1" name="sampleTestCase.AssertionsExample" time="0.055" errors="0" timestamp="18 Apr 2022 16:26:54 GMT" skipped="0">
  <testcase classname="sampleTestCase.AssertionsExample" name="checkEqual" time="0.055"/>
</testsuite> <!-- sampleTestCase.AssertionsExample -->
