<?xml version="1.0" encoding="UTF-8"?>
<!-- Generated by org.testng.reporters.JUnitReportReporter -->
<testsuite hostname="DESKTOP-D8ARRET" failures="0" tests="4" name="sampleTestCase.PracticeTestNG" time="0.400" errors="0" timestamp="18 Apr 2022 06:13:24 GMT" skipped="0">
  <testcase classname="sampleTestCase.PracticeTestNG" name="firstTestCase" time="0.201"/>
  <testcase classname="sampleTestCase.PracticeTestNG" name="secondTestCase" time="0.170"/>
  <testcase classname="sampleTestCase.PracticeTestNG" name="thirdTestCase" time="0.023"/>
  <testcase classname="sampleTestCase.PracticeTestNG" name="fourthTestCase" time="0.006"/>
</testsuite> <!-- sampleTestCase.PracticeTestNG -->
