<?xml version="1.0" encoding="UTF-8"?>
<!-- Generated by org.testng.reporters.JUnitReportReporter -->
<testsuite hostname="DESKTOP-D8ARRET" failures="0" tests="3" name="sampleTestCase.Dependsonmethod" time="0.055" errors="0" timestamp="04 May 2022 10:29:12 GMT" skipped="1">
  <testcase classname="sampleTestCase.Dependsonmethod" name="AppleMobile" time="0.048"/>
  <testcase classname="sampleTestCase.Dependsonmethod" name="VivoMobile" time="0.007"/>
  <testcase classname="sampleTestCase.Dependsonmethod" name="MotoMobile">
    <skipped/>
  </testcase> <!-- MotoMobile -->
</testsuite> <!-- sampleTestCase.Dependsonmethod -->
