<?xml version="1.0" encoding="UTF-8"?>
<!-- Generated by org.testng.reporters.JUnitReportReporter -->
<testsuite hostname="DESKTOP-D8ARRET" failures="0" tests="2" name="sampleTestCase.SuitExample" time="10.908" errors="0" timestamp="18 Apr 2022 11:59:19 GMT" skipped="0">
  <testcase classname="sampleTestCase.SuitExample" name="GetUrl" time="3.432"/>
  <testcase classname="sampleTestCase.SuitExample" name="ClickUrl" time="7.476"/>
</testsuite> <!-- sampleTestCase.SuitExample -->
