<?xml version="1.0" encoding="UTF-8"?>
<!-- Generated by org.testng.reporters.JUnitReportReporter -->
<testsuite hostname="DESKTOP-D8ARRET" failures="0" tests="2" name="sampleTestCase.ParallelTesting" time="62.805" errors="0" timestamp="18 Apr 2022 16:06:08 GMT" skipped="0">
  <testcase classname="sampleTestCase.ParallelTesting" name="OpenBing" time="28.893"/>
  <testcase classname="sampleTestCase.ParallelTesting" name="OpenGoogle" time="33.912"/>
</testsuite> <!-- sampleTestCase.ParallelTesting -->
