<?xml version="1.0" encoding="UTF-8"?>
<!-- Generated by org.testng.reporters.JUnitReportReporter -->
<testsuite hostname="DESKTOP-D8ARRET" failures="0" tests="4" name="sampleTestCase.SkippedTest" time="0.142" errors="0" timestamp="18 Apr 2022 14:01:08 GMT" skipped="1">
  <testcase classname="sampleTestCase.SkippedTest" name="firstTestCase" time="0.097"/>
  <testcase classname="sampleTestCase.SkippedTest" name="secondTestCase" time="0.033"/>
  <testcase classname="sampleTestCase.SkippedTest" name="fourthTestCase" time="0.012"/>
  <testcase classname="sampleTestCase.SkippedTest" name="thirdTestCase">
    <skipped/>
  </testcase> <!-- thirdTestCase -->
</testsuite> <!-- sampleTestCase.SkippedTest -->
