<?xml version="1.0" encoding="UTF-8"?>
<!-- Generated by org.testng.reporters.JUnitReportReporter -->
<testsuite hostname="DESKTOP-D8ARRET" failures="0" tests="3" name="sampleTestCase.TestNew" time="0.052" errors="0" timestamp="18 Apr 2022 06:59:11 GMT" skipped="2">
  <testcase classname="sampleTestCase.TestNew" name="testCaseConditionalSkipException" time="0.027"/>
  <testcase classname="sampleTestCase.TestNew" name="testCaseSkipException" time="0.025">
    <skipped/>
  </testcase> <!-- testCaseSkipException -->
  <testcase classname="sampleTestCase.TestNew" name="testCaseEnabling">
    <skipped/>
  </testcase> <!-- testCaseEnabling -->
</testsuite> <!-- sampleTestCase.TestNew -->
