<?xml version="1.0" encoding="UTF-8"?>
<!-- Generated by org.testng.reporters.JUnitReportReporter -->
<testsuite hostname="DESKTOP-D8ARRET" failures="0" tests="1" name="sampleTestCase.AnnotationsHierachyExample" time="0.029" errors="0" timestamp="18 Apr 2022 16:52:51 GMT" skipped="0">
  <testcase classname="sampleTestCase.AnnotationsHierachyExample" name="test" time="0.029"/>
</testsuite> <!-- sampleTestCase.AnnotationsHierachyExample -->
