<?xml version="1.0" encoding="UTF-8"?>
<!-- Generated by org.testng.reporters.JUnitReportReporter -->
<testsuite hostname="DESKTOP-D8ARRET" failures="0" tests="4" name="sampleTestCase.GroupingExample" time="0.066" errors="0" timestamp="06 May 2022 04:53:01 GMT" skipped="0">
  <testcase classname="sampleTestCase.GroupingExample" name="moto1" time="0.007"/>
  <testcase classname="sampleTestCase.GroupingExample" name="moto2" time="0.021"/>
  <testcase classname="sampleTestCase.GroupingExample" name="lenovo2" time="0.005"/>
  <testcase classname="sampleTestCase.GroupingExample" name="lenovo1" time="0.033"/>
</testsuite> <!-- sampleTestCase.GroupingExample -->
