<?xml version="1.0" encoding="UTF-8"?>
<!-- Generated by org.testng.reporters.JUnitReportReporter -->
<testsuite hostname="DESKTOP-D8ARRET" failures="0" tests="4" name="frameworkDemo.Login" time="72.494" errors="0" timestamp="20 Apr 2022 17:14:29 GMT" skipped="0">
  <testcase classname="frameworkDemo.Login" name="loginwithBothCorrect" time="14.939"/>
  <testcase classname="frameworkDemo.Login" name="loginwithBothCorrect" time="17.300"/>
  <testcase classname="frameworkDemo.Login" name="loginwithBothCorrect" time="21.735"/>
  <testcase classname="frameworkDemo.Login" name="loginwithBothCorrect" time="18.520"/>
</testsuite> <!-- frameworkDemo.Login -->
