<?xml version="1.0" encoding="UTF-8"?>
<!-- Generated by org.testng.reporters.JUnitReportReporter -->
<testsuite hostname="DESKTOP-D8ARRET" failures="0" tests="1" name="frameworkDemo.BothIncorrect" time="19.187" errors="0" timestamp="20 Apr 2022 16:36:57 GMT" skipped="0">
  <testcase classname="frameworkDemo.BothIncorrect" name="loginwithBothInCorrect" time="19.187"/>
</testsuite> <!-- frameworkDemo.BothIncorrect -->
