<?xml version="1.0" encoding="UTF-8"?>
<!-- Generated by org.testng.reporters.JUnitReportReporter -->
<testsuite hostname="DESKTOP-D8ARRET" failures="0" tests="1" name="frameworkDemo.BothCorrect" time="31.185" errors="0" timestamp="20 Apr 2022 16:36:57 GMT" skipped="0">
  <testcase classname="frameworkDemo.BothCorrect" name="loginwithBothCorrect" time="31.185"/>
</testsuite> <!-- frameworkDemo.BothCorrect -->
