<?xml version="1.0" encoding="UTF-8"?>
<!-- Generated by org.testng.reporters.JUnitReportReporter -->
<testsuite hostname="DESKTOP-D8ARRET" failures="0" tests="1" name="frameworkDemo.CorrectUserName" time="36.572" errors="0" timestamp="20 Apr 2022 16:36:57 GMT" skipped="0">
  <testcase classname="frameworkDemo.CorrectUserName" name="loginwithCorrectUserName" time="36.572"/>
</testsuite> <!-- frameworkDemo.CorrectUserName -->
